c:\users\vvv\documents\visual studio 2015\projects\eye_feature\debug\vc140.pdb
c:\users\vvv\documents\visual studio 2015\projects\eye_feature\debug\vc140.idb
c:\users\vvv\documents\visual studio 2015\projects\eye_feature\debug\alglibmisc.obj
c:\users\vvv\documents\visual studio 2015\projects\eye_feature\debug\ap.obj
c:\users\vvv\documents\visual studio 2015\projects\eye_feature\debug\dataanalysis.obj
c:\users\vvv\documents\visual studio 2015\projects\eye_feature\debug\diffequations.obj
c:\users\vvv\documents\visual studio 2015\projects\eye_feature\debug\fasttransforms.obj
c:\users\vvv\documents\visual studio 2015\projects\eye_feature\debug\integration.obj
c:\users\vvv\documents\visual studio 2015\projects\eye_feature\debug\interpolation.obj
c:\users\vvv\documents\visual studio 2015\projects\eye_feature\debug\linalg.obj
c:\users\vvv\documents\visual studio 2015\projects\eye_feature\debug\optimization.obj
c:\users\vvv\documents\visual studio 2015\projects\eye_feature\debug\solvers.obj
c:\users\vvv\documents\visual studio 2015\projects\eye_feature\debug\specialfunctions.obj
c:\users\vvv\documents\visual studio 2015\projects\eye_feature\debug\statistics.obj
c:\users\vvv\documents\visual studio 2015\projects\eye_feature\debug\draw.obj
c:\users\vvv\documents\visual studio 2015\projects\eye_feature\debug\edge_detector.obj
c:\users\vvv\documents\visual studio 2015\projects\eye_feature\debug\eyelids.obj
c:\users\vvv\documents\visual studio 2015\projects\eye_feature\debug\filter.obj
c:\users\vvv\documents\visual studio 2015\projects\eye_feature\debug\fitting.obj
c:\users\vvv\documents\visual studio 2015\projects\eye_feature\debug\image_utils.obj
c:\users\vvv\documents\visual studio 2015\projects\eye_feature\debug\iris.obj
c:\users\vvv\documents\visual studio 2015\projects\eye_feature\debug\test_main.obj
c:\users\vvv\documents\visual studio 2015\projects\eye_feature\debug\alglibopencv.obj
c:\users\vvv\documents\visual studio 2015\projects\eye_feature\debug\alglibinternal.obj
c:\users\vvv\documents\visual studio 2015\projects\eye_feature\debug\eye_feature.ilk
c:\users\vvv\documents\visual studio 2015\projects\eye_feature\debug\eye_feature.exe
c:\users\vvv\documents\visual studio 2015\projects\eye_feature\debug\eye_feature.pdb
c:\users\vvv\documents\visual studio 2015\projects\eye_feature\debug\eye_feature.tlog\cl.command.1.tlog
c:\users\vvv\documents\visual studio 2015\projects\eye_feature\debug\eye_feature.tlog\cl.read.1.tlog
c:\users\vvv\documents\visual studio 2015\projects\eye_feature\debug\eye_feature.tlog\cl.write.1.tlog
c:\users\vvv\documents\visual studio 2015\projects\eye_feature\debug\eye_feature.tlog\link.command.1.tlog
c:\users\vvv\documents\visual studio 2015\projects\eye_feature\debug\eye_feature.tlog\link.read.1.tlog
c:\users\vvv\documents\visual studio 2015\projects\eye_feature\debug\eye_feature.tlog\link.write.1.tlog
